8831.675022592593
The PNG file was created.
/home/izac/dev/solarWallpaperNode/setwp.sh: line 4: swww: command not found
Wallpaper set
8831.675711493055
The PNG file was created.
/home/izac/dev/solarWallpaperNode/setwp.sh: line 4: swww: command not found
Wallpaper set
8831.676412534722
The PNG file was created.
/home/izac/dev/solarWallpaperNode/setwp.sh: line 4: swww: command not found
Wallpaper set
8831.677101608797
The PNG file was created.
/home/izac/dev/solarWallpaperNode/setwp.sh: line 4: swww: command not found
Wallpaper set
8831.6777909375
The PNG file was created.
/home/izac/dev/solarWallpaperNode/setwp.sh: line 4: swww: command not found
Wallpaper set
A Solution to your Wayland Wallpaper Woes

Usage: swww <COMMAND>

Commands:
  clear        Fills the specified outputs with the given color
  restore      Restores the last displayed image on the specified outputs
  clear-cache  Clears the swww cache
  img          Sends an image (or animated gif) for the daemon to display
  init         Initializes the daemon
  kill         Kills the daemon
  query        Asks the daemon to print output information (names and dimensions)
  help         Print this message or the help of the given subcommand(s)

Options:
  -h, --help     Print help (see more with '--help')
  -V, --version  Print version
8831.67849162037
The PNG file was created.
/home/izac/dev/solarWallpaperNode/setwp.sh: line 4: swww: command not found
Wallpaper set
A Solution to your Wayland Wallpaper Woes

Usage: swww <COMMAND>

Commands:
  clear        Fills the specified outputs with the given color
  restore      Restores the last displayed image on the specified outputs
  clear-cache  Clears the swww cache
  img          Sends an image (or animated gif) for the daemon to display
  init         Initializes the daemon
  kill         Kills the daemon
  query        Asks the daemon to print output information (names and dimensions)
  help         Print this message or the help of the given subcommand(s)

Options:
  -h, --help     Print help (see more with '--help')
  -V, --version  Print version
8831.679181458334
The PNG file was created.
/home/izac/dev/solarWallpaperNode/setwp.sh: line 4: swww: command not found
Wallpaper set
8831.679882141203
The PNG file was created.
/home/izac/dev/solarWallpaperNode/setwp.sh: line 4: swww: command not found
Wallpaper set
8831.680571747685
The PNG file was created.
Wallpaper set
8831.681266666666
The PNG file was created.
Wallpaper set
8831.68196195602
The PNG file was created.
Wallpaper set
8831.682662847223
The PNG file was created.
Wallpaper set
8831.683346516204
The PNG file was created.
Wallpaper set
8831.684041770834
The PNG file was created.
Wallpaper set
8831.684736990741
The PNG file was created.
Wallpaper set
8831.685432592592
The PNG file was created.
Wallpaper set
8831.686127546296
The PNG file was created.
Wallpaper set
8831.6868234375
The PNG file was created.
Wallpaper set
8831.687518703704
The PNG file was created.
Wallpaper set
8831.688214571759
The PNG file was created.
Wallpaper set
8831.688910046296
The PNG file was created.
Wallpaper set
8831.689605648147
The PNG file was created.
Wallpaper set
8831.690301666667
The PNG file was created.
Wallpaper set
8831.690996620371
The PNG file was created.
Wallpaper set
8831.69168068287
The PNG file was created.
Wallpaper set
8831.692376087964
The PNG file was created.
Wallpaper set
8831.693071215277
The PNG file was created.
Wallpaper set
8831.693766493056
The PNG file was created.
Wallpaper set
8831.694462199073
The PNG file was created.
Wallpaper set
8831.695157592592
The PNG file was created.
Wallpaper set
8831.695852766205
The PNG file was created.
Wallpaper set
8831.696548356482
The PNG file was created.
Wallpaper set
8831.697243402778
The PNG file was created.
Wallpaper set
8831.697938703704
The PNG file was created.
Wallpaper set
8831.698633981481
The PNG file was created.
Wallpaper set
8831.699329085648
The PNG file was created.
Wallpaper set
8831.700024594908
The PNG file was created.
Wallpaper set
8831.700708078704
The PNG file was created.
Wallpaper set
8831.701403182871
The PNG file was created.
Wallpaper set
8831.702098530093
The PNG file was created.
Wallpaper set
8831.702793738426
The PNG file was created.
Wallpaper set
8831.703489224537
The PNG file was created.
Wallpaper set
8831.704184583334
The PNG file was created.
Wallpaper set
8831.70487986111
The PNG file was created.
Wallpaper set
8831.705575509259
The PNG file was created.
Wallpaper set
8831.706270625
The PNG file was created.
Wallpaper set
8831.706965821759
The PNG file was created.
Wallpaper set
8831.707661365741
The PNG file was created.
Wallpaper set
8831.708356539351
The PNG file was created.
Wallpaper set
8831.709051793981
The PNG file was created.
Wallpaper set
8831.709735555556
The PNG file was created.
Wallpaper set
8831.710431006944
The PNG file was created.
Wallpaper set
8831.711126273149
The PNG file was created.
Wallpaper set
8831.711821631945
The PNG file was created.
Wallpaper set
8831.71251701389
The PNG file was created.
Wallpaper set
8831.713212511575
The PNG file was created.
Wallpaper set
8831.713907627314
The PNG file was created.
Wallpaper set
8831.714602858796
The PNG file was created.
Wallpaper set
8831.715298333333
The PNG file was created.
Wallpaper set
8831.71599349537
The PNG file was created.
Wallpaper set
8831.716688773147
The PNG file was created.
Wallpaper set
8831.717384004629
The PNG file was created.
Wallpaper set
8831.718079155093
The PNG file was created.
Wallpaper set
8831.718774386574
The PNG file was created.
Wallpaper set
8831.719458368056
The PNG file was created.
Wallpaper set
8831.720153425926
The PNG file was created.
Wallpaper set
8831.72084929398
The PNG file was created.
Wallpaper set
8831.721544664351
The PNG file was created.
Wallpaper set
8831.722240162037
The PNG file was created.
Wallpaper set
8831.722935277778
The PNG file was created.
Wallpaper set
8831.72363087963
The PNG file was created.
Wallpaper set
8831.724326296297
The PNG file was created.
Wallpaper set
8831.725021469907
The PNG file was created.
Wallpaper set
8831.725716817129
The PNG file was created.
Wallpaper set
8831.726412060185
The PNG file was created.
Wallpaper set
8831.72710744213
The PNG file was created.
Wallpaper set
8831.727791134259
The PNG file was created.
Wallpaper set
8831.728486585647
The PNG file was created.
Wallpaper set
8831.729182094907
The PNG file was created.
Wallpaper set
8831.729877627315
The PNG file was created.
Wallpaper set
8831.730572685185
The PNG file was created.
Wallpaper set
8831.731267777777
The PNG file was created.
Wallpaper set
8831.73196332176
The PNG file was created.
Wallpaper set
8831.732658483796
The PNG file was created.
Wallpaper set
8831.733354351853
The PNG file was created.
Wallpaper set
8831.734049861112
The PNG file was created.
Wallpaper set
8831.73474523148
The PNG file was created.
Wallpaper set
8831.735440497685
The PNG file was created.
Wallpaper set
8831.73612417824
The PNG file was created.
Wallpaper set
8831.736819386573
The PNG file was created.
Wallpaper set
8831.737514594908
The PNG file was created.
Wallpaper set
8831.738209976851
The PNG file was created.
Wallpaper set
8831.738905428241
The PNG file was created.
Wallpaper set
8831.739600706018
The PNG file was created.
Wallpaper set
8831.740296168982
The PNG file was created.
Wallpaper set
8831.740991273147
The PNG file was created.
Wallpaper set
8831.741686435185
The PNG file was created.
Wallpaper set
8831.74238170139
The PNG file was created.
Wallpaper set
8831.743077118055
The PNG file was created.
Wallpaper set
8831.743772534723
The PNG file was created.
Wallpaper set
8831.744467986111
The PNG file was created.
Wallpaper set
8831.745151967592
The PNG file was created.
Wallpaper set
8831.74584707176
The PNG file was created.
Wallpaper set
8831.746542372684
The PNG file was created.
Wallpaper set
8831.747237650463
The PNG file was created.
Wallpaper set
8831.747933055556
The PNG file was created.
Wallpaper set
8831.748628935185
The PNG file was created.
Wallpaper set
8831.749324293982
The PNG file was created.
Wallpaper set
8831.750019780093
The PNG file was created.
Wallpaper set
8831.750715243055
The PNG file was created.
Wallpaper set
8831.751410486111
The PNG file was created.
Wallpaper set
8831.752106087963
The PNG file was created.
Wallpaper set
8831.752801805556
The PNG file was created.
Wallpaper set
8831.753485405092
The PNG file was created.
Wallpaper set
8831.754180636573
The PNG file was created.
Wallpaper set
8831.754875949075
The PNG file was created.
Wallpaper set
8831.755571793981
The PNG file was created.
Wallpaper set
